MIF/HEX Update report for m68hc11
Fri Dec 02 08:39:30 2022
Quartus Prime Version 20.1.1 Build 720 11/11/2020 SJ Lite Edition


---------------------
; Table of Contents ;
---------------------
  1. Legal Notice
  2. MIF/HEX Update Summary
  3. MIF/HEX Update Processed Files
  4. MIF/HEX Update Messages



----------------
; Legal Notice ;
----------------
Copyright (C) 2020  Intel Corporation. All rights reserved.
Your use of Intel Corporation's design tools, logic functions 
and other software and tools, and any partner logic 
functions, and any output files from any of the foregoing 
(including device programming or simulation files), and any 
associated documentation or information are expressly subject 
to the terms and conditions of the Intel Program License 
Subscription Agreement, the Intel Quartus Prime License Agreement,
the Intel FPGA IP License Agreement, or other applicable license
agreement, including, without limitation, that your use is for
the sole purpose of programming logic devices manufactured by
Intel and sold by Intel or its authorized distributors.  Please
refer to the applicable agreement for further details, at
https://fpgasoftware.intel.com/eula.



+-----------------------------------------------------------+
; MIF/HEX Update Summary                                    ;
+-----------------------+-----------------------------------+
; MIF/HEX Update Status ; Failed - Fri Dec 02 08:39:30 2022 ;
; Revision Name         ; m68hc11                           ;
; Top-level Entity Name ; m68hc11                           ;
; Family                ; MAX 10                            ;
; Device                ; 10M50DAF484C7G                    ;
+-----------------------+-----------------------------------+


+--------------------------------+
; MIF/HEX Update Processed Files ;
+--------------------------------+
; File Name                      ;
+--------------------------------+


+-------------------------+
; MIF/HEX Update Messages ;
+-------------------------+
Info: *******************************************************************
Info: Running Quartus Prime MIF/HEX Update
    Info: Version 20.1.1 Build 720 11/11/2020 SJ Lite Edition
    Info: Processing started: Fri Dec 02 08:39:29 2022
Info: Command: quartus_cdb m68hc11 -c m68hc11 --update_mif
Warning (18236): Number of processors has not been specified which may cause overloading on shared machines.  Set the global assignment NUM_PARALLEL_PROCESSORS in your QSF to an appropriate value for best performance.
Error (39022): Found no valid Memory Initialization File to process
Error: Quartus Prime MIF/HEX Update was unsuccessful. 1 error, 1 warning
    Error: Peak virtual memory: 4721 megabytes
    Error: Processing ended: Fri Dec 02 08:39:30 2022
    Error: Elapsed time: 00:00:01
    Error: Total CPU time (on all processors): 00:00:01


